Sat Jun 18 13:29:28 2987307 Error: UNIQUE constraint failed: Users.name 
Mon Apr  1 16:39:20 3008267 Error: UNIQUE constraint failed: Users.name 
Sun Oct 20 00:39:20 2978137 Error: UNIQUE constraint failed: Users.name 
Thu Nov 13 12:38:16 2989969 Error: UNIQUE constraint failed: Users.name 
Sun May 23 08:56:24 2989926 Error: UNIQUE constraint failed: Users.name 
1720087320 Error: UNIQUE constraint failed: Users.name 
Thu Jul  4 13:12:12 2024 Error: UNIQUE constraint failed: Users.name 
Thu Jul  4 14:59:55 2024 Error: no more rows available 
Thu Jul  4 15:07:56 2024 Error: no more rows available 
Thu Jul  4 17:18:29 2024 Error: out of memory 
Thu Jul  4 17:20:20 2024 Error: out of memory 
Thu Jul  4 17:22:43 2024 Error: out of memory 
Thu Jul  4 17:23:57 2024 Error: out of memory 
Thu Jul  4 17:34:14 2024 Error: out of memory 
Thu Jul  4 17:34:52 2024 Error: out of memory
Thu Jul  4 19:27:54 2024 Error: out of memory 
Thu Jul  4 19:33:48 2024 Error: out of memory 
Thu Jul  4 20:22:30 2024 Error: UNIQUE constraint failed: Records.accountNbr 
Thu Jul  4 20:24:32 2024 Error: UNIQUE constraint failed: Records.accountNbr 
Sat Jul  6 10:17:37 2024 Error: no more rows available 
Sat Jul  6 10:18:58 2024 Error: no more rows available 
Thu Jul 11 11:53:12 2024 Error: no more rows available 
Thu Jul 11 12:22:49 2024 Error: no more rows available 
Thu Jul 11 12:26:46 2024 Error: no more rows available 
Thu Jul 11 12:29:35 2024 Error: no more rows available 
Thu Jul 11 12:31:18 2024 Error: no more rows available 
Thu Jul 11 16:42:57 2024 Error: no more rows available 
Fri Jul 12 12:14:48 2024 Error: UNIQUE constraint failed: Users.name 
Fri Jul 12 12:57:25 2024 Error: UNIQUE constraint failed: Records.accountNbr 
Fri Jul 12 13:17:20 2024 Error: database is locked 
Fri Jul 12 13:19:10 2024 Error: database is locked 
Fri Jul 12 13:23:13 2024 Error: database is locked 
Fri Jul 12 13:24:38 2024 Error: database is locked 
Fri Jul 12 13:25:50 2024 Error: database is locked 
Fri Jul 12 13:26:11 2024 Error: database is locked 
Fri Jul 12 13:31:21 2024 Error: database is locked 
Fri Jul 12 13:35:21 2024 Error: database is locked 
Fri Jul 12 13:57:17 2024 Error: database is locked 
Sat Jul 13 08:58:15 2024 Error: another row available 
Sat Jul 13 08:58:15 2024 Error: database is locked 
Sat Jul 13 09:10:27 2024 Error: no more rows available 
Sat Jul 13 09:12:56 2024 Error: no more rows available 
Mon Jul 15 11:22:39 2024 Error: no more rows available 
Mon Jul 15 11:23:46 2024 Error: no more rows available 
